{"/Users/noah/work/qualidev/express/backKwizz/src/index.ts": {"path":"/Users/noah/work/qualidev/express/backKwizz/src/index.ts","statementMap":{"0":{"start":{"line":2,"column":0},"end":{"line":2,"column":36}},"1":{"start":{"line":4,"column":0},"end":{"line":4,"column":53}},"2":{"start":{"line":5,"column":0},"end":{"line":5,"column":43}},"3":{"start":{"line":7,"column":12},"end":{"line":7,"column":23}},"4":{"start":{"line":11,"column":13},"end":{"line":11,"column":null}},"5":{"start":{"line":13,"column":14},"end":{"line":13,"column":15}},"6":{"start":{"line":15,"column":26},"end":{"line":36,"column":null}},"7":{"start":{"line":15,"column":37},"end":{"line":36,"column":null}},"8":{"start":{"line":16,"column":4},"end":{"line":35,"column":null}},"9":{"start":{"line":17,"column":8},"end":{"line":34,"column":null}},"10":{"start":{"line":18,"column":12},"end":{"line":25,"column":null}},"11":{"start":{"line":19,"column":16},"end":{"line":20,"column":58}},"12":{"start":{"line":20,"column":16},"end":{"line":20,"column":54}},"13":{"start":{"line":21,"column":16},"end":{"line":21,"column":53}},"14":{"start":{"line":24,"column":16},"end":{"line":24,"column":null}},"15":{"start":{"line":27,"column":12},"end":{"line":27,"column":18}},"16":{"start":{"line":29,"column":12},"end":{"line":29,"column":31}},"17":{"start":{"line":30,"column":12},"end":{"line":30,"column":25}},"18":{"start":{"line":31,"column":12},"end":{"line":31,"column":52}},"19":{"start":{"line":33,"column":12},"end":{"line":33,"column":60}},"20":{"start":{"line":33,"column":37},"end":{"line":33,"column":58}},"21":{"start":{"line":38,"column":0},"end":{"line":38,"column":20}}},"fnMap":{"0":{"name":"(anonymous_8)","decl":{"start":{"line":15,"column":26},"end":{"line":15,"column":35}},"loc":{"start":{"line":15,"column":37},"end":{"line":36,"column":null}}},"1":{"name":"(anonymous_9)","decl":{"start":{"line":15,"column":37},"end":{"line":15,"column":null}},"loc":{"start":{"line":15,"column":37},"end":{"line":36,"column":1}}},"2":{"name":"(anonymous_10)","decl":{"start":{"line":18,"column":32},"end":{"line":18,"column":35}},"loc":{"start":{"line":18,"column":37},"end":{"line":23,"column":13}}},"3":{"name":"(anonymous_11)","decl":{"start":{"line":19,"column":38},"end":{"line":19,"column":41}},"loc":{"start":{"line":19,"column":43},"end":{"line":20,"column":56}}},"4":{"name":"(anonymous_12)","decl":{"start":{"line":23,"column":21},"end":{"line":23,"column":22}},"loc":{"start":{"line":23,"column":31},"end":{"line":25,"column":13}}},"5":{"name":"(anonymous_13)","decl":{"start":{"line":33,"column":30},"end":{"line":33,"column":33}},"loc":{"start":{"line":33,"column":37},"end":{"line":33,"column":58}}}},"branchMap":{},"s":{"0":3,"1":3,"2":3,"3":3,"4":3,"5":3,"6":3,"7":3,"8":3,"9":3,"10":3,"11":3,"12":3,"13":3,"14":0,"15":3,"16":0,"17":0,"18":0,"19":0,"20":0,"21":3},"f":{"0":3,"1":3,"2":3,"3":3,"4":0,"5":0},"b":{}}
,"/Users/noah/work/qualidev/express/backKwizz/src/api/index.ts": {"path":"/Users/noah/work/qualidev/express/backKwizz/src/api/index.ts","statementMap":{"0":{"start":{"line":1,"column":0},"end":{"line":1,"column":30}},"1":{"start":{"line":2,"column":0},"end":{"line":2,"column":33}},"2":{"start":{"line":3,"column":0},"end":{"line":3,"column":39}},"3":{"start":{"line":4,"column":0},"end":{"line":4,"column":31}},"4":{"start":{"line":9,"column":15},"end":{"line":9,"column":31}},"5":{"start":{"line":13,"column":0},"end":{"line":13,"column":26}},"6":{"start":{"line":14,"column":0},"end":{"line":14,"column":32}},"7":{"start":{"line":15,"column":0},"end":{"line":15,"column":24}},"8":{"start":{"line":19,"column":0},"end":{"line":19,"column":22}}},"fnMap":{},"branchMap":{},"s":{"0":3,"1":3,"2":3,"3":3,"4":3,"5":3,"6":3,"7":3,"8":3},"f":{},"b":{}}
,"/Users/noah/work/qualidev/express/backKwizz/src/api/config/database.ts": {"path":"/Users/noah/work/qualidev/express/backKwizz/src/api/config/database.ts","statementMap":{"0":{"start":{"line":1,"column":0},"end":{"line":1,"column":32}},"1":{"start":{"line":2,"column":0},"end":{"line":2,"column":26}},"2":{"start":{"line":3,"column":0},"end":{"line":3,"column":9}},"3":{"start":{"line":53,"column":23},"end":{"line":53,"column":27}},"4":{"start":{"line":7,"column":21},"end":{"line":17,"column":2}},"5":{"start":{"line":7,"column":47},"end":{"line":17,"column":2}},"6":{"start":{"line":8,"column":2},"end":{"line":14,"column":5}},"7":{"start":{"line":16,"column":2},"end":{"line":16,"column":23}},"8":{"start":{"line":53,"column":9},"end":{"line":53,"column":21}},"9":{"start":{"line":20,"column":21},"end":{"line":48,"column":2}},"10":{"start":{"line":20,"column":47},"end":{"line":48,"column":2}},"11":{"start":{"line":22,"column":2},"end":{"line":46,"column":null}},"12":{"start":{"line":23,"column":19},"end":{"line":23,"column":39}},"13":{"start":{"line":24,"column":4},"end":{"line":43,"column":null}},"14":{"start":{"line":25,"column":6},"end":{"line":28,"column":9}},"15":{"start":{"line":30,"column":6},"end":{"line":33,"column":9}},"16":{"start":{"line":35,"column":6},"end":{"line":38,"column":9}},"17":{"start":{"line":40,"column":6},"end":{"line":42,"column":null}},"18":{"start":{"line":41,"column":8},"end":{"line":41,"column":25}},"19":{"start":{"line":45,"column":4},"end":{"line":45,"column":79}}},"fnMap":{"0":{"name":"(anonymous_7)","decl":{"start":{"line":7,"column":21},"end":{"line":7,"column":45}},"loc":{"start":{"line":7,"column":47},"end":{"line":17,"column":2}}},"1":{"name":"(anonymous_8)","decl":{"start":{"line":7,"column":47},"end":{"line":7,"column":null}},"loc":{"start":{"line":7,"column":47},"end":{"line":17,"column":1}}},"2":{"name":"(anonymous_9)","decl":{"start":{"line":20,"column":21},"end":{"line":20,"column":45}},"loc":{"start":{"line":20,"column":47},"end":{"line":48,"column":2}}},"3":{"name":"(anonymous_10)","decl":{"start":{"line":20,"column":47},"end":{"line":20,"column":null}},"loc":{"start":{"line":20,"column":47},"end":{"line":48,"column":1}}}},"branchMap":{"0":{"loc":{"start":{"line":40,"column":6},"end":{"line":42,"column":null}},"type":"if","locations":[{"start":{"line":40,"column":6},"end":{"line":42,"column":null}}]}},"s":{"0":3,"1":3,"2":3,"3":3,"4":3,"5":6,"6":6,"7":6,"8":3,"9":3,"10":6,"11":6,"12":6,"13":6,"14":6,"15":6,"16":6,"17":6,"18":6,"19":0},"f":{"0":6,"1":6,"2":6,"3":6},"b":{"0":[6]}}
,"/Users/noah/work/qualidev/express/backKwizz/src/api/config/tests/bot.ts": {"path":"/Users/noah/work/qualidev/express/backKwizz/src/api/config/tests/bot.ts","statementMap":{"0":{"start":{"line":3,"column":0},"end":{"line":3,"column":35}},"1":{"start":{"line":5,"column":29},"end":{"line":31,"column":2}},"2":{"start":{"line":5,"column":74},"end":{"line":31,"column":2}},"3":{"start":{"line":6,"column":21},"end":{"line":6,"column":28}},"4":{"start":{"line":7,"column":4},"end":{"line":30,"column":null}},"5":{"start":{"line":8,"column":23},"end":{"line":8,"column":43}},"6":{"start":{"line":9,"column":8},"end":{"line":27,"column":null}},"7":{"start":{"line":10,"column":12},"end":{"line":15,"column":null}},"8":{"start":{"line":11,"column":16},"end":{"line":14,"column":18}},"9":{"start":{"line":16,"column":12},"end":{"line":16,"column":69}},"10":{"start":{"line":17,"column":12},"end":{"line":23,"column":15}},"11":{"start":{"line":20,"column":16},"end":{"line":20,"column":196}},"12":{"start":{"line":22,"column":16},"end":{"line":22,"column":108}},"13":{"start":{"line":26,"column":12},"end":{"line":26,"column":29}},"14":{"start":{"line":29,"column":8},"end":{"line":29,"column":86}},"15":{"start":{"line":5,"column":13},"end":{"line":5,"column":29}},"16":{"start":{"line":34,"column":32},"end":{"line":46,"column":2}},"17":{"start":{"line":34,"column":58},"end":{"line":46,"column":2}},"18":{"start":{"line":35,"column":4},"end":{"line":45,"column":null}},"19":{"start":{"line":36,"column":23},"end":{"line":36,"column":43}},"20":{"start":{"line":37,"column":8},"end":{"line":42,"column":null}},"21":{"start":{"line":38,"column":12},"end":{"line":38,"column":50}},"22":{"start":{"line":39,"column":12},"end":{"line":39,"column":67}},"23":{"start":{"line":41,"column":12},"end":{"line":41,"column":29}},"24":{"start":{"line":44,"column":8},"end":{"line":44,"column":93}},"25":{"start":{"line":34,"column":13},"end":{"line":34,"column":32}}},"fnMap":{"0":{"name":"(anonymous_7)","decl":{"start":{"line":5,"column":29},"end":{"line":5,"column":36}},"loc":{"start":{"line":5,"column":74},"end":{"line":31,"column":2}}},"1":{"name":"(anonymous_8)","decl":{"start":{"line":5,"column":74},"end":{"line":5,"column":null}},"loc":{"start":{"line":5,"column":74},"end":{"line":31,"column":1}}},"2":{"name":"(anonymous_9)","decl":{"start":{"line":19,"column":20},"end":{"line":19,"column":21}},"loc":{"start":{"line":19,"column":28},"end":{"line":21,"column":13}}},"3":{"name":"(anonymous_10)","decl":{"start":{"line":21,"column":21},"end":{"line":21,"column":22}},"loc":{"start":{"line":21,"column":29},"end":{"line":23,"column":13}}},"4":{"name":"(anonymous_11)","decl":{"start":{"line":34,"column":32},"end":{"line":34,"column":56}},"loc":{"start":{"line":34,"column":58},"end":{"line":46,"column":2}}},"5":{"name":"(anonymous_12)","decl":{"start":{"line":34,"column":58},"end":{"line":34,"column":null}},"loc":{"start":{"line":34,"column":58},"end":{"line":46,"column":1}}}},"branchMap":{},"s":{"0":1,"1":1,"2":2,"3":2,"4":2,"5":2,"6":2,"7":2,"8":4,"9":2,"10":2,"11":2,"12":0,"13":2,"14":0,"15":1,"16":1,"17":2,"18":2,"19":2,"20":2,"21":2,"22":2,"23":2,"24":0,"25":1},"f":{"0":2,"1":2,"2":2,"3":0,"4":2,"5":2},"b":{}}
,"/Users/noah/work/qualidev/express/backKwizz/src/api/config/tests/message.ts": {"path":"/Users/noah/work/qualidev/express/backKwizz/src/api/config/tests/message.ts","statementMap":{"0":{"start":{"line":3,"column":0},"end":{"line":3,"column":35}},"1":{"start":{"line":6,"column":33},"end":{"line":25,"column":2}},"2":{"start":{"line":6,"column":82},"end":{"line":25,"column":2}},"3":{"start":{"line":8,"column":21},"end":{"line":8,"column":28}},"4":{"start":{"line":9,"column":4},"end":{"line":24,"column":null}},"5":{"start":{"line":10,"column":23},"end":{"line":10,"column":43}},"6":{"start":{"line":11,"column":8},"end":{"line":21,"column":null}},"7":{"start":{"line":12,"column":12},"end":{"line":17,"column":null}},"8":{"start":{"line":13,"column":16},"end":{"line":16,"column":18}},"9":{"start":{"line":18,"column":12},"end":{"line":18,"column":73}},"10":{"start":{"line":20,"column":12},"end":{"line":20,"column":29}},"11":{"start":{"line":23,"column":8},"end":{"line":23,"column":90}},"12":{"start":{"line":6,"column":13},"end":{"line":6,"column":33}},"13":{"start":{"line":27,"column":36},"end":{"line":39,"column":2}},"14":{"start":{"line":27,"column":62},"end":{"line":39,"column":2}},"15":{"start":{"line":28,"column":4},"end":{"line":38,"column":null}},"16":{"start":{"line":29,"column":23},"end":{"line":29,"column":43}},"17":{"start":{"line":30,"column":8},"end":{"line":35,"column":null}},"18":{"start":{"line":31,"column":12},"end":{"line":31,"column":54}},"19":{"start":{"line":32,"column":12},"end":{"line":32,"column":71}},"20":{"start":{"line":34,"column":12},"end":{"line":34,"column":29}},"21":{"start":{"line":37,"column":8},"end":{"line":37,"column":97}},"22":{"start":{"line":27,"column":13},"end":{"line":27,"column":36}}},"fnMap":{"0":{"name":"(anonymous_7)","decl":{"start":{"line":6,"column":33},"end":{"line":6,"column":40}},"loc":{"start":{"line":6,"column":82},"end":{"line":25,"column":2}}},"1":{"name":"(anonymous_8)","decl":{"start":{"line":6,"column":82},"end":{"line":6,"column":null}},"loc":{"start":{"line":6,"column":82},"end":{"line":25,"column":1}}},"2":{"name":"(anonymous_9)","decl":{"start":{"line":27,"column":36},"end":{"line":27,"column":60}},"loc":{"start":{"line":27,"column":62},"end":{"line":39,"column":2}}},"3":{"name":"(anonymous_10)","decl":{"start":{"line":27,"column":62},"end":{"line":27,"column":null}},"loc":{"start":{"line":27,"column":62},"end":{"line":39,"column":1}}}},"branchMap":{},"s":{"0":1,"1":1,"2":2,"3":2,"4":2,"5":2,"6":2,"7":2,"8":4,"9":2,"10":2,"11":0,"12":1,"13":1,"14":2,"15":2,"16":2,"17":2,"18":2,"19":2,"20":2,"21":0,"22":1},"f":{"0":2,"1":2,"2":2,"3":2},"b":{}}
,"/Users/noah/work/qualidev/express/backKwizz/src/api/config/tests/test.ts": {"path":"/Users/noah/work/qualidev/express/backKwizz/src/api/config/tests/test.ts","statementMap":{"0":{"start":{"line":2,"column":0},"end":{"line":2,"column":49}},"1":{"start":{"line":9,"column":33},"end":{"line":13,"column":2}},"2":{"start":{"line":9,"column":44},"end":{"line":13,"column":2}},"3":{"start":{"line":12,"column":4},"end":{"line":12,"column":25}},"4":{"start":{"line":9,"column":13},"end":{"line":9,"column":33}},"5":{"start":{"line":16,"column":36},"end":{"line":20,"column":null}},"6":{"start":{"line":16,"column":47},"end":{"line":20,"column":null}},"7":{"start":{"line":19,"column":4},"end":{"line":19,"column":21}},"8":{"start":{"line":16,"column":13},"end":{"line":16,"column":36}}},"fnMap":{"0":{"name":"(anonymous_7)","decl":{"start":{"line":9,"column":33},"end":{"line":9,"column":42}},"loc":{"start":{"line":9,"column":44},"end":{"line":13,"column":2}}},"1":{"name":"(anonymous_8)","decl":{"start":{"line":9,"column":44},"end":{"line":9,"column":null}},"loc":{"start":{"line":9,"column":44},"end":{"line":13,"column":1}}},"2":{"name":"(anonymous_9)","decl":{"start":{"line":16,"column":36},"end":{"line":16,"column":45}},"loc":{"start":{"line":16,"column":47},"end":{"line":20,"column":null}}},"3":{"name":"(anonymous_10)","decl":{"start":{"line":16,"column":47},"end":{"line":16,"column":null}},"loc":{"start":{"line":16,"column":47},"end":{"line":20,"column":1}}}},"branchMap":{},"s":{"0":3,"1":3,"2":3,"3":3,"4":3,"5":3,"6":3,"7":3,"8":3},"f":{"0":3,"1":3,"2":3,"3":3},"b":{}}
,"/Users/noah/work/qualidev/express/backKwizz/src/api/config/tests/user.ts": {"path":"/Users/noah/work/qualidev/express/backKwizz/src/api/config/tests/user.ts","statementMap":{"0":{"start":{"line":3,"column":0},"end":{"line":3,"column":35}},"1":{"start":{"line":5,"column":30},"end":{"line":24,"column":2}},"2":{"start":{"line":5,"column":76},"end":{"line":24,"column":2}},"3":{"start":{"line":7,"column":21},"end":{"line":7,"column":28}},"4":{"start":{"line":8,"column":4},"end":{"line":23,"column":null}},"5":{"start":{"line":9,"column":23},"end":{"line":9,"column":43}},"6":{"start":{"line":10,"column":8},"end":{"line":20,"column":null}},"7":{"start":{"line":11,"column":12},"end":{"line":16,"column":null}},"8":{"start":{"line":12,"column":16},"end":{"line":15,"column":18}},"9":{"start":{"line":17,"column":12},"end":{"line":17,"column":70}},"10":{"start":{"line":19,"column":12},"end":{"line":19,"column":29}},"11":{"start":{"line":22,"column":8},"end":{"line":22,"column":87}},"12":{"start":{"line":5,"column":13},"end":{"line":5,"column":30}},"13":{"start":{"line":26,"column":33},"end":{"line":38,"column":2}},"14":{"start":{"line":26,"column":59},"end":{"line":38,"column":2}},"15":{"start":{"line":27,"column":4},"end":{"line":37,"column":null}},"16":{"start":{"line":28,"column":23},"end":{"line":28,"column":43}},"17":{"start":{"line":29,"column":8},"end":{"line":34,"column":null}},"18":{"start":{"line":30,"column":12},"end":{"line":30,"column":57}},"19":{"start":{"line":31,"column":12},"end":{"line":31,"column":68}},"20":{"start":{"line":33,"column":12},"end":{"line":33,"column":29}},"21":{"start":{"line":36,"column":8},"end":{"line":36,"column":94}},"22":{"start":{"line":26,"column":13},"end":{"line":26,"column":33}}},"fnMap":{"0":{"name":"(anonymous_7)","decl":{"start":{"line":5,"column":30},"end":{"line":5,"column":37}},"loc":{"start":{"line":5,"column":76},"end":{"line":24,"column":2}}},"1":{"name":"(anonymous_8)","decl":{"start":{"line":5,"column":76},"end":{"line":5,"column":null}},"loc":{"start":{"line":5,"column":76},"end":{"line":24,"column":1}}},"2":{"name":"(anonymous_9)","decl":{"start":{"line":26,"column":33},"end":{"line":26,"column":57}},"loc":{"start":{"line":26,"column":59},"end":{"line":38,"column":2}}},"3":{"name":"(anonymous_10)","decl":{"start":{"line":26,"column":59},"end":{"line":26,"column":null}},"loc":{"start":{"line":26,"column":59},"end":{"line":38,"column":1}}}},"branchMap":{},"s":{"0":1,"1":1,"2":2,"3":2,"4":2,"5":2,"6":2,"7":2,"8":4,"9":2,"10":2,"11":0,"12":1,"13":1,"14":2,"15":2,"16":2,"17":2,"18":2,"19":2,"20":2,"21":0,"22":1},"f":{"0":2,"1":2,"2":2,"3":2},"b":{}}
,"/Users/noah/work/qualidev/express/backKwizz/src/api/models/bot/helper.ts": {"path":"/Users/noah/work/qualidev/express/backKwizz/src/api/models/bot/helper.ts","statementMap":{"0":{"start":{"line":2,"column":0},"end":{"line":2,"column":45}},"1":{"start":{"line":3,"column":0},"end":{"line":3,"column":35}},"2":{"start":{"line":5,"column":0},"end":{"line":5,"column":null}},"3":{"start":{"line":6,"column":17},"end":{"line":14,"column":null}},"4":{"start":{"line":6,"column":61},"end":{"line":14,"column":null}},"5":{"start":{"line":7,"column":8},"end":{"line":13,"column":null}},"6":{"start":{"line":8,"column":27},"end":{"line":8,"column":68}},"7":{"start":{"line":9,"column":12},"end":{"line":9,"column":31}},"8":{"start":{"line":11,"column":12},"end":{"line":11,"column":69}},"9":{"start":{"line":12,"column":12},"end":{"line":12,"column":22}},"10":{"start":{"line":16,"column":17},"end":{"line":24,"column":null}},"11":{"start":{"line":16,"column":82},"end":{"line":24,"column":null}},"12":{"start":{"line":17,"column":8},"end":{"line":23,"column":null}},"13":{"start":{"line":18,"column":27},"end":{"line":18,"column":104}},"14":{"start":{"line":19,"column":12},"end":{"line":19,"column":42}},"15":{"start":{"line":21,"column":12},"end":{"line":21,"column":72}},"16":{"start":{"line":22,"column":12},"end":{"line":22,"column":24}},"17":{"start":{"line":26,"column":17},"end":{"line":35,"column":null}},"18":{"start":{"line":26,"column":109},"end":{"line":35,"column":null}},"19":{"start":{"line":27,"column":21},"end":{"line":27,"column":28}},"20":{"start":{"line":28,"column":8},"end":{"line":34,"column":null}},"21":{"start":{"line":29,"column":12},"end":{"line":29,"column":169}},"22":{"start":{"line":30,"column":12},"end":{"line":30,"column":36}},"23":{"start":{"line":32,"column":12},"end":{"line":32,"column":62}},"24":{"start":{"line":33,"column":12},"end":{"line":33,"column":24}}},"fnMap":{"0":{"name":"(anonymous_7)","decl":{"start":{"line":5,"column":0},"end":{"line":5,"column":17}},"loc":{"start":{"line":5,"column":26},"end":{"line":36,"column":1}}},"1":{"name":"(anonymous_8)","decl":{"start":{"line":6,"column":29},"end":{"line":6,"column":59}},"loc":{"start":{"line":6,"column":61},"end":{"line":14,"column":null}}},"2":{"name":"(anonymous_9)","decl":{"start":{"line":6,"column":61},"end":{"line":6,"column":null}},"loc":{"start":{"line":6,"column":61},"end":{"line":14,"column":5}}},"3":{"name":"(anonymous_10)","decl":{"start":{"line":16,"column":30},"end":{"line":16,"column":37}},"loc":{"start":{"line":16,"column":82},"end":{"line":24,"column":null}}},"4":{"name":"(anonymous_11)","decl":{"start":{"line":16,"column":82},"end":{"line":16,"column":null}},"loc":{"start":{"line":16,"column":82},"end":{"line":24,"column":5}}},"5":{"name":"(anonymous_12)","decl":{"start":{"line":26,"column":29},"end":{"line":26,"column":36}},"loc":{"start":{"line":26,"column":109},"end":{"line":35,"column":null}}},"6":{"name":"(anonymous_13)","decl":{"start":{"line":26,"column":109},"end":{"line":26,"column":null}},"loc":{"start":{"line":26,"column":109},"end":{"line":35,"column":5}}}},"branchMap":{"0":{"loc":{"start":{"line":19,"column":19},"end":{"line":19,"column":41}},"type":"binary-expr","locations":[{"start":{"line":19,"column":19},"end":{"line":19,"column":33}},{"start":{"line":19,"column":37},"end":{"line":19,"column":41}}]},"1":{"loc":{"start":{"line":5,"column":17},"end":{"line":5,"column":null}},"type":"binary-expr","locations":[{"start":{"line":5,"column":17},"end":{"line":5,"column":26}},{"start":{"line":5,"column":17},"end":{"line":5,"column":null}}]}},"s":{"0":3,"1":3,"2":3,"3":3,"4":2,"5":2,"6":2,"7":2,"8":0,"9":0,"10":3,"11":3,"12":3,"13":3,"14":3,"15":0,"16":0,"17":3,"18":2,"19":2,"20":2,"21":2,"22":1,"23":1,"24":1},"f":{"0":3,"1":2,"2":2,"3":3,"4":3,"5":2,"6":2},"b":{"0":[3,1],"1":[3,3]}}
,"/Users/noah/work/qualidev/express/backKwizz/src/api/models/message/helper.ts": {"path":"/Users/noah/work/qualidev/express/backKwizz/src/api/models/message/helper.ts","statementMap":{"0":{"start":{"line":2,"column":0},"end":{"line":2,"column":45}},"1":{"start":{"line":3,"column":0},"end":{"line":3,"column":35}},"2":{"start":{"line":5,"column":0},"end":{"line":5,"column":null}},"3":{"start":{"line":6,"column":17},"end":{"line":14,"column":null}},"4":{"start":{"line":6,"column":69},"end":{"line":14,"column":null}},"5":{"start":{"line":7,"column":8},"end":{"line":13,"column":null}},"6":{"start":{"line":8,"column":27},"end":{"line":8,"column":72}},"7":{"start":{"line":9,"column":12},"end":{"line":9,"column":31}},"8":{"start":{"line":11,"column":12},"end":{"line":11,"column":73}},"9":{"start":{"line":12,"column":12},"end":{"line":12,"column":22}},"10":{"start":{"line":16,"column":17},"end":{"line":24,"column":null}},"11":{"start":{"line":16,"column":88},"end":{"line":24,"column":null}},"12":{"start":{"line":17,"column":8},"end":{"line":23,"column":null}},"13":{"start":{"line":18,"column":27},"end":{"line":18,"column":104}},"14":{"start":{"line":19,"column":12},"end":{"line":19,"column":42}},"15":{"start":{"line":21,"column":12},"end":{"line":21,"column":76}},"16":{"start":{"line":22,"column":12},"end":{"line":22,"column":24}},"17":{"start":{"line":26,"column":17},"end":{"line":36,"column":null}},"18":{"start":{"line":26,"column":84},"end":{"line":36,"column":null}},"19":{"start":{"line":27,"column":21},"end":{"line":27,"column":28}},"20":{"start":{"line":28,"column":26},"end":{"line":28,"column":36}},"21":{"start":{"line":29,"column":8},"end":{"line":35,"column":null}},"22":{"start":{"line":30,"column":12},"end":{"line":30,"column":131}},"23":{"start":{"line":31,"column":12},"end":{"line":31,"column":40}},"24":{"start":{"line":33,"column":12},"end":{"line":33,"column":66}},"25":{"start":{"line":34,"column":12},"end":{"line":34,"column":24}}},"fnMap":{"0":{"name":"(anonymous_7)","decl":{"start":{"line":5,"column":0},"end":{"line":5,"column":17}},"loc":{"start":{"line":5,"column":30},"end":{"line":39,"column":1}}},"1":{"name":"(anonymous_8)","decl":{"start":{"line":6,"column":33},"end":{"line":6,"column":67}},"loc":{"start":{"line":6,"column":69},"end":{"line":14,"column":null}}},"2":{"name":"(anonymous_9)","decl":{"start":{"line":6,"column":69},"end":{"line":6,"column":null}},"loc":{"start":{"line":6,"column":69},"end":{"line":14,"column":5}}},"3":{"name":"(anonymous_10)","decl":{"start":{"line":16,"column":34},"end":{"line":16,"column":41}},"loc":{"start":{"line":16,"column":88},"end":{"line":24,"column":null}}},"4":{"name":"(anonymous_11)","decl":{"start":{"line":16,"column":88},"end":{"line":16,"column":null}},"loc":{"start":{"line":16,"column":88},"end":{"line":24,"column":5}}},"5":{"name":"(anonymous_12)","decl":{"start":{"line":26,"column":33},"end":{"line":26,"column":40}},"loc":{"start":{"line":26,"column":84},"end":{"line":36,"column":null}}},"6":{"name":"(anonymous_13)","decl":{"start":{"line":26,"column":84},"end":{"line":26,"column":null}},"loc":{"start":{"line":26,"column":84},"end":{"line":36,"column":5}}}},"branchMap":{"0":{"loc":{"start":{"line":19,"column":19},"end":{"line":19,"column":41}},"type":"binary-expr","locations":[{"start":{"line":19,"column":19},"end":{"line":19,"column":33}},{"start":{"line":19,"column":37},"end":{"line":19,"column":41}}]},"1":{"loc":{"start":{"line":5,"column":17},"end":{"line":5,"column":null}},"type":"binary-expr","locations":[{"start":{"line":5,"column":17},"end":{"line":5,"column":30}},{"start":{"line":5,"column":17},"end":{"line":5,"column":null}}]}},"s":{"0":3,"1":3,"2":3,"3":3,"4":2,"5":2,"6":2,"7":2,"8":0,"9":0,"10":3,"11":4,"12":4,"13":4,"14":4,"15":0,"16":0,"17":3,"18":2,"19":2,"20":2,"21":2,"22":2,"23":2,"24":0,"25":0},"f":{"0":3,"1":2,"2":2,"3":4,"4":4,"5":2,"6":2},"b":{"0":[4,1],"1":[3,3]}}
,"/Users/noah/work/qualidev/express/backKwizz/src/api/models/user/helper.ts": {"path":"/Users/noah/work/qualidev/express/backKwizz/src/api/models/user/helper.ts","statementMap":{"0":{"start":{"line":2,"column":0},"end":{"line":2,"column":45}},"1":{"start":{"line":4,"column":0},"end":{"line":4,"column":36}},"2":{"start":{"line":6,"column":0},"end":{"line":6,"column":null}},"3":{"start":{"line":7,"column":17},"end":{"line":15,"column":null}},"4":{"start":{"line":7,"column":63},"end":{"line":15,"column":null}},"5":{"start":{"line":8,"column":8},"end":{"line":14,"column":null}},"6":{"start":{"line":9,"column":40},"end":{"line":9,"column":86}},"7":{"start":{"line":10,"column":12},"end":{"line":10,"column":31}},"8":{"start":{"line":12,"column":12},"end":{"line":12,"column":78}},"9":{"start":{"line":13,"column":12},"end":{"line":13,"column":22}},"10":{"start":{"line":17,"column":17},"end":{"line":26,"column":null}},"11":{"start":{"line":17,"column":79},"end":{"line":26,"column":null}},"12":{"start":{"line":18,"column":8},"end":{"line":25,"column":null}},"13":{"start":{"line":19,"column":40},"end":{"line":19,"column":112}},"14":{"start":{"line":20,"column":12},"end":{"line":20,"column":42}},"15":{"start":{"line":23,"column":12},"end":{"line":23,"column":80}},"16":{"start":{"line":24,"column":12},"end":{"line":24,"column":24}},"17":{"start":{"line":28,"column":17},"end":{"line":37,"column":null}},"18":{"start":{"line":28,"column":75},"end":{"line":37,"column":null}},"19":{"start":{"line":29,"column":21},"end":{"line":29,"column":29}},"20":{"start":{"line":30,"column":8},"end":{"line":36,"column":null}},"21":{"start":{"line":31,"column":12},"end":{"line":31,"column":97}},"22":{"start":{"line":32,"column":12},"end":{"line":32,"column":37}},"23":{"start":{"line":34,"column":12},"end":{"line":34,"column":76}},"24":{"start":{"line":35,"column":12},"end":{"line":35,"column":24}}},"fnMap":{"0":{"name":"(anonymous_7)","decl":{"start":{"line":6,"column":0},"end":{"line":6,"column":17}},"loc":{"start":{"line":6,"column":27},"end":{"line":40,"column":1}}},"1":{"name":"(anonymous_8)","decl":{"start":{"line":7,"column":30},"end":{"line":7,"column":61}},"loc":{"start":{"line":7,"column":63},"end":{"line":15,"column":null}}},"2":{"name":"(anonymous_9)","decl":{"start":{"line":7,"column":63},"end":{"line":7,"column":null}},"loc":{"start":{"line":7,"column":63},"end":{"line":15,"column":5}}},"3":{"name":"(anonymous_10)","decl":{"start":{"line":17,"column":31},"end":{"line":17,"column":38}},"loc":{"start":{"line":17,"column":79},"end":{"line":26,"column":null}}},"4":{"name":"(anonymous_11)","decl":{"start":{"line":17,"column":79},"end":{"line":17,"column":null}},"loc":{"start":{"line":17,"column":79},"end":{"line":26,"column":5}}},"5":{"name":"(anonymous_12)","decl":{"start":{"line":28,"column":30},"end":{"line":28,"column":37}},"loc":{"start":{"line":28,"column":75},"end":{"line":37,"column":null}}},"6":{"name":"(anonymous_13)","decl":{"start":{"line":28,"column":75},"end":{"line":28,"column":null}},"loc":{"start":{"line":28,"column":75},"end":{"line":37,"column":5}}}},"branchMap":{"0":{"loc":{"start":{"line":20,"column":19},"end":{"line":20,"column":41}},"type":"binary-expr","locations":[{"start":{"line":20,"column":19},"end":{"line":20,"column":33}},{"start":{"line":20,"column":37},"end":{"line":20,"column":41}}]},"1":{"loc":{"start":{"line":6,"column":17},"end":{"line":6,"column":null}},"type":"binary-expr","locations":[{"start":{"line":6,"column":17},"end":{"line":6,"column":27}},{"start":{"line":6,"column":17},"end":{"line":6,"column":null}}]}},"s":{"0":3,"1":3,"2":3,"3":3,"4":2,"5":2,"6":2,"7":2,"8":0,"9":0,"10":3,"11":3,"12":3,"13":3,"14":3,"15":0,"16":0,"17":3,"18":2,"19":2,"20":2,"21":2,"22":1,"23":1,"24":1},"f":{"0":3,"1":2,"2":2,"3":3,"4":3,"5":2,"6":2},"b":{"0":[3,1],"1":[3,3]}}
,"/Users/noah/work/qualidev/express/backKwizz/src/api/routes/bot.ts": {"path":"/Users/noah/work/qualidev/express/backKwizz/src/api/routes/bot.ts","statementMap":{"0":{"start":{"line":3,"column":14},"end":{"line":3,"column":41}},"1":{"start":{"line":4,"column":0},"end":{"line":4,"column":45}},"2":{"start":{"line":6,"column":0},"end":{"line":15,"column":3}},"3":{"start":{"line":6,"column":53},"end":{"line":15,"column":2}},"4":{"start":{"line":7,"column":4},"end":{"line":14,"column":null}},"5":{"start":{"line":8,"column":25},"end":{"line":8,"column":53}},"6":{"start":{"line":9,"column":12},"end":{"line":9,"column":27}},"7":{"start":{"line":12,"column":8},"end":{"line":12,"column":74}},"8":{"start":{"line":13,"column":8},"end":{"line":13,"column":58}},"9":{"start":{"line":17,"column":0},"end":{"line":31,"column":2}},"10":{"start":{"line":17,"column":56},"end":{"line":30,"column":null}},"11":{"start":{"line":18,"column":18},"end":{"line":18,"column":31}},"12":{"start":{"line":19,"column":4},"end":{"line":29,"column":null}},"13":{"start":{"line":20,"column":20},"end":{"line":20,"column":54}},"14":{"start":{"line":21,"column":8},"end":{"line":25,"column":null}},"15":{"start":{"line":22,"column":12},"end":{"line":22,"column":26}},"16":{"start":{"line":24,"column":12},"end":{"line":24,"column":64}},"17":{"start":{"line":27,"column":8},"end":{"line":27,"column":72}},"18":{"start":{"line":28,"column":8},"end":{"line":28,"column":58}},"19":{"start":{"line":33,"column":0},"end":{"line":48,"column":2}},"20":{"start":{"line":33,"column":60},"end":{"line":47,"column":null}},"21":{"start":{"line":34,"column":39},"end":{"line":34,"column":47}},"22":{"start":{"line":35,"column":4},"end":{"line":46,"column":null}},"23":{"start":{"line":36,"column":23},"end":{"line":36,"column":75}},"24":{"start":{"line":37,"column":8},"end":{"line":42,"column":null}},"25":{"start":{"line":38,"column":12},"end":{"line":38,"column":29}},"26":{"start":{"line":41,"column":12},"end":{"line":41,"column":83}},"27":{"start":{"line":44,"column":8},"end":{"line":44,"column":68}},"28":{"start":{"line":45,"column":8},"end":{"line":45,"column":58}},"29":{"start":{"line":50,"column":0},"end":{"line":50,"column":21}}},"fnMap":{"0":{"name":"(anonymous_7)","decl":{"start":{"line":6,"column":15},"end":{"line":6,"column":22}},"loc":{"start":{"line":6,"column":53},"end":{"line":15,"column":2}}},"1":{"name":"(anonymous_8)","decl":{"start":{"line":6,"column":53},"end":{"line":6,"column":null}},"loc":{"start":{"line":6,"column":53},"end":{"line":15,"column":1}}},"2":{"name":"(anonymous_9)","decl":{"start":{"line":17,"column":18},"end":{"line":17,"column":25}},"loc":{"start":{"line":17,"column":56},"end":{"line":30,"column":null}}},"3":{"name":"(anonymous_10)","decl":{"start":{"line":17,"column":56},"end":{"line":17,"column":null}},"loc":{"start":{"line":17,"column":56},"end":{"line":30,"column":1}}},"4":{"name":"(anonymous_11)","decl":{"start":{"line":33,"column":22},"end":{"line":33,"column":29}},"loc":{"start":{"line":33,"column":60},"end":{"line":47,"column":null}}},"5":{"name":"(anonymous_12)","decl":{"start":{"line":33,"column":60},"end":{"line":33,"column":null}},"loc":{"start":{"line":33,"column":60},"end":{"line":47,"column":1}}}},"branchMap":{"0":{"loc":{"start":{"line":21,"column":8},"end":{"line":25,"column":null}},"type":"if","locations":[{"start":{"line":21,"column":8},"end":{"line":25,"column":null}},{"start":{"line":23,"column":15},"end":{"line":25,"column":null}}]},"1":{"loc":{"start":{"line":37,"column":8},"end":{"line":42,"column":null}},"type":"if","locations":[{"start":{"line":37,"column":8},"end":{"line":42,"column":null}},{"start":{"line":40,"column":13},"end":{"line":42,"column":null}}]}},"s":{"0":3,"1":3,"2":3,"3":2,"4":2,"5":2,"6":2,"7":0,"8":0,"9":3,"10":2,"11":2,"12":2,"13":2,"14":2,"15":1,"16":1,"17":0,"18":0,"19":3,"20":2,"21":2,"22":2,"23":2,"24":2,"25":1,"26":1,"27":0,"28":0,"29":3},"f":{"0":2,"1":2,"2":2,"3":2,"4":2,"5":2},"b":{"0":[1,1],"1":[1,1]}}
,"/Users/noah/work/qualidev/express/backKwizz/src/api/routes/message.ts": {"path":"/Users/noah/work/qualidev/express/backKwizz/src/api/routes/message.ts","statementMap":{"0":{"start":{"line":3,"column":14},"end":{"line":3,"column":41}},"1":{"start":{"line":4,"column":0},"end":{"line":4,"column":53}},"2":{"start":{"line":6,"column":0},"end":{"line":15,"column":2}},"3":{"start":{"line":6,"column":53},"end":{"line":14,"column":null}},"4":{"start":{"line":7,"column":4},"end":{"line":13,"column":null}},"5":{"start":{"line":8,"column":25},"end":{"line":8,"column":61}},"6":{"start":{"line":9,"column":8},"end":{"line":9,"column":27}},"7":{"start":{"line":11,"column":8},"end":{"line":11,"column":78}},"8":{"start":{"line":12,"column":8},"end":{"line":12,"column":58}},"9":{"start":{"line":17,"column":0},"end":{"line":30,"column":3}},"10":{"start":{"line":17,"column":56},"end":{"line":30,"column":2}},"11":{"start":{"line":18,"column":22},"end":{"line":18,"column":35}},"12":{"start":{"line":19,"column":4},"end":{"line":29,"column":null}},"13":{"start":{"line":20,"column":24},"end":{"line":20,"column":70}},"14":{"start":{"line":21,"column":8},"end":{"line":25,"column":null}},"15":{"start":{"line":22,"column":12},"end":{"line":22,"column":30}},"16":{"start":{"line":24,"column":12},"end":{"line":24,"column":68}},"17":{"start":{"line":27,"column":8},"end":{"line":27,"column":76}},"18":{"start":{"line":28,"column":8},"end":{"line":28,"column":58}},"19":{"start":{"line":32,"column":0},"end":{"line":46,"column":3}},"20":{"start":{"line":32,"column":60},"end":{"line":46,"column":2}},"21":{"start":{"line":33,"column":22},"end":{"line":33,"column":30}},"22":{"start":{"line":34,"column":4},"end":{"line":45,"column":null}},"23":{"start":{"line":35,"column":27},"end":{"line":35,"column":70}},"24":{"start":{"line":36,"column":8},"end":{"line":41,"column":null}},"25":{"start":{"line":37,"column":12},"end":{"line":37,"column":33}},"26":{"start":{"line":40,"column":12},"end":{"line":40,"column":87}},"27":{"start":{"line":43,"column":8},"end":{"line":43,"column":72}},"28":{"start":{"line":44,"column":8},"end":{"line":44,"column":58}},"29":{"start":{"line":48,"column":0},"end":{"line":48,"column":21}}},"fnMap":{"0":{"name":"(anonymous_7)","decl":{"start":{"line":6,"column":15},"end":{"line":6,"column":22}},"loc":{"start":{"line":6,"column":53},"end":{"line":14,"column":null}}},"1":{"name":"(anonymous_8)","decl":{"start":{"line":6,"column":53},"end":{"line":6,"column":null}},"loc":{"start":{"line":6,"column":53},"end":{"line":14,"column":1}}},"2":{"name":"(anonymous_9)","decl":{"start":{"line":17,"column":18},"end":{"line":17,"column":25}},"loc":{"start":{"line":17,"column":56},"end":{"line":30,"column":2}}},"3":{"name":"(anonymous_10)","decl":{"start":{"line":17,"column":56},"end":{"line":17,"column":null}},"loc":{"start":{"line":17,"column":56},"end":{"line":30,"column":1}}},"4":{"name":"(anonymous_11)","decl":{"start":{"line":32,"column":22},"end":{"line":32,"column":29}},"loc":{"start":{"line":32,"column":60},"end":{"line":46,"column":2}}},"5":{"name":"(anonymous_12)","decl":{"start":{"line":32,"column":60},"end":{"line":32,"column":null}},"loc":{"start":{"line":32,"column":60},"end":{"line":46,"column":1}}}},"branchMap":{"0":{"loc":{"start":{"line":21,"column":8},"end":{"line":25,"column":null}},"type":"if","locations":[{"start":{"line":21,"column":8},"end":{"line":25,"column":null}},{"start":{"line":23,"column":15},"end":{"line":25,"column":null}}]},"1":{"loc":{"start":{"line":36,"column":8},"end":{"line":41,"column":null}},"type":"if","locations":[{"start":{"line":36,"column":8},"end":{"line":41,"column":null}},{"start":{"line":39,"column":13},"end":{"line":41,"column":null}}]}},"s":{"0":3,"1":3,"2":3,"3":2,"4":2,"5":2,"6":2,"7":0,"8":0,"9":3,"10":2,"11":2,"12":2,"13":2,"14":2,"15":1,"16":1,"17":0,"18":0,"19":3,"20":2,"21":2,"22":2,"23":2,"24":2,"25":2,"26":0,"27":0,"28":0,"29":3},"f":{"0":2,"1":2,"2":2,"3":2,"4":2,"5":2},"b":{"0":[1,1],"1":[2,0]}}
,"/Users/noah/work/qualidev/express/backKwizz/src/api/routes/user.ts": {"path":"/Users/noah/work/qualidev/express/backKwizz/src/api/routes/user.ts","statementMap":{"0":{"start":{"line":3,"column":14},"end":{"line":3,"column":41}},"1":{"start":{"line":4,"column":0},"end":{"line":4,"column":47}},"2":{"start":{"line":6,"column":0},"end":{"line":14,"column":3}},"3":{"start":{"line":6,"column":53},"end":{"line":14,"column":2}},"4":{"start":{"line":7,"column":4},"end":{"line":13,"column":null}},"5":{"start":{"line":8,"column":22},"end":{"line":8,"column":52}},"6":{"start":{"line":9,"column":8},"end":{"line":9,"column":24}},"7":{"start":{"line":11,"column":8},"end":{"line":11,"column":82}},"8":{"start":{"line":12,"column":8},"end":{"line":12,"column":58}},"9":{"start":{"line":16,"column":0},"end":{"line":29,"column":3}},"10":{"start":{"line":16,"column":56},"end":{"line":29,"column":2}},"11":{"start":{"line":17,"column":19},"end":{"line":17,"column":32}},"12":{"start":{"line":18,"column":4},"end":{"line":28,"column":null}},"13":{"start":{"line":19,"column":21},"end":{"line":19,"column":58}},"14":{"start":{"line":20,"column":8},"end":{"line":24,"column":null}},"15":{"start":{"line":21,"column":12},"end":{"line":21,"column":27}},"16":{"start":{"line":23,"column":12},"end":{"line":23,"column":72}},"17":{"start":{"line":26,"column":8},"end":{"line":26,"column":83}},"18":{"start":{"line":27,"column":8},"end":{"line":27,"column":58}},"19":{"start":{"line":31,"column":0},"end":{"line":45,"column":3}},"20":{"start":{"line":31,"column":60},"end":{"line":45,"column":2}},"21":{"start":{"line":32,"column":19},"end":{"line":32,"column":27}},"22":{"start":{"line":33,"column":4},"end":{"line":44,"column":null}},"23":{"start":{"line":34,"column":24},"end":{"line":34,"column":58}},"24":{"start":{"line":35,"column":8},"end":{"line":40,"column":null}},"25":{"start":{"line":36,"column":12},"end":{"line":36,"column":30}},"26":{"start":{"line":39,"column":12},"end":{"line":39,"column":94}},"27":{"start":{"line":42,"column":8},"end":{"line":42,"column":79}},"28":{"start":{"line":43,"column":8},"end":{"line":43,"column":58}},"29":{"start":{"line":49,"column":0},"end":{"line":49,"column":21}}},"fnMap":{"0":{"name":"(anonymous_7)","decl":{"start":{"line":6,"column":15},"end":{"line":6,"column":22}},"loc":{"start":{"line":6,"column":53},"end":{"line":14,"column":2}}},"1":{"name":"(anonymous_8)","decl":{"start":{"line":6,"column":53},"end":{"line":6,"column":null}},"loc":{"start":{"line":6,"column":53},"end":{"line":14,"column":1}}},"2":{"name":"(anonymous_9)","decl":{"start":{"line":16,"column":18},"end":{"line":16,"column":25}},"loc":{"start":{"line":16,"column":56},"end":{"line":29,"column":2}}},"3":{"name":"(anonymous_10)","decl":{"start":{"line":16,"column":56},"end":{"line":16,"column":null}},"loc":{"start":{"line":16,"column":56},"end":{"line":29,"column":1}}},"4":{"name":"(anonymous_11)","decl":{"start":{"line":31,"column":22},"end":{"line":31,"column":29}},"loc":{"start":{"line":31,"column":60},"end":{"line":45,"column":2}}},"5":{"name":"(anonymous_12)","decl":{"start":{"line":31,"column":60},"end":{"line":31,"column":null}},"loc":{"start":{"line":31,"column":60},"end":{"line":45,"column":1}}}},"branchMap":{"0":{"loc":{"start":{"line":20,"column":8},"end":{"line":24,"column":null}},"type":"if","locations":[{"start":{"line":20,"column":8},"end":{"line":24,"column":null}},{"start":{"line":22,"column":15},"end":{"line":24,"column":null}}]},"1":{"loc":{"start":{"line":35,"column":8},"end":{"line":40,"column":null}},"type":"if","locations":[{"start":{"line":35,"column":8},"end":{"line":40,"column":null}},{"start":{"line":38,"column":13},"end":{"line":40,"column":null}}]}},"s":{"0":3,"1":3,"2":3,"3":2,"4":2,"5":2,"6":2,"7":0,"8":0,"9":3,"10":2,"11":2,"12":2,"13":2,"14":2,"15":1,"16":1,"17":0,"18":0,"19":3,"20":2,"21":2,"22":2,"23":2,"24":2,"25":1,"26":1,"27":0,"28":0,"29":3},"f":{"0":2,"1":2,"2":2,"3":2,"4":2,"5":2},"b":{"0":[1,1],"1":[1,1]}}
,"/Users/noah/work/qualidev/express/backKwizz/src/api/services/bot.ts": {"path":"/Users/noah/work/qualidev/express/backKwizz/src/api/services/bot.ts","statementMap":{"0":{"start":{"line":2,"column":0},"end":{"line":2,"column":49}},"1":{"start":{"line":4,"column":0},"end":{"line":4,"column":null}},"2":{"start":{"line":5,"column":17},"end":{"line":7,"column":null}},"3":{"start":{"line":5,"column":61},"end":{"line":7,"column":null}},"4":{"start":{"line":6,"column":8},"end":{"line":6,"column":43}},"5":{"start":{"line":9,"column":17},"end":{"line":11,"column":null}},"6":{"start":{"line":9,"column":82},"end":{"line":11,"column":null}},"7":{"start":{"line":10,"column":8},"end":{"line":10,"column":56}},"8":{"start":{"line":13,"column":17},"end":{"line":15,"column":null}},"9":{"start":{"line":13,"column":109},"end":{"line":15,"column":null}},"10":{"start":{"line":14,"column":8},"end":{"line":14,"column":67}}},"fnMap":{"0":{"name":"(anonymous_7)","decl":{"start":{"line":4,"column":0},"end":{"line":4,"column":17}},"loc":{"start":{"line":4,"column":27},"end":{"line":16,"column":1}}},"1":{"name":"(anonymous_8)","decl":{"start":{"line":5,"column":29},"end":{"line":5,"column":59}},"loc":{"start":{"line":5,"column":61},"end":{"line":7,"column":null}}},"2":{"name":"(anonymous_9)","decl":{"start":{"line":5,"column":61},"end":{"line":5,"column":null}},"loc":{"start":{"line":5,"column":61},"end":{"line":7,"column":5}}},"3":{"name":"(anonymous_10)","decl":{"start":{"line":9,"column":30},"end":{"line":9,"column":37}},"loc":{"start":{"line":9,"column":82},"end":{"line":11,"column":null}}},"4":{"name":"(anonymous_11)","decl":{"start":{"line":9,"column":82},"end":{"line":9,"column":null}},"loc":{"start":{"line":9,"column":82},"end":{"line":11,"column":5}}},"5":{"name":"(anonymous_12)","decl":{"start":{"line":13,"column":29},"end":{"line":13,"column":36}},"loc":{"start":{"line":13,"column":109},"end":{"line":15,"column":null}}},"6":{"name":"(anonymous_13)","decl":{"start":{"line":13,"column":109},"end":{"line":13,"column":null}},"loc":{"start":{"line":13,"column":109},"end":{"line":15,"column":5}}}},"branchMap":{"0":{"loc":{"start":{"line":4,"column":17},"end":{"line":4,"column":null}},"type":"binary-expr","locations":[{"start":{"line":4,"column":17},"end":{"line":4,"column":27}},{"start":{"line":4,"column":17},"end":{"line":4,"column":null}}]}},"s":{"0":3,"1":3,"2":3,"3":2,"4":2,"5":3,"6":2,"7":2,"8":3,"9":2,"10":2},"f":{"0":3,"1":2,"2":2,"3":2,"4":2,"5":2,"6":2},"b":{"0":[3,3]}}
,"/Users/noah/work/qualidev/express/backKwizz/src/api/services/message.ts": {"path":"/Users/noah/work/qualidev/express/backKwizz/src/api/services/message.ts","statementMap":{"0":{"start":{"line":2,"column":0},"end":{"line":2,"column":57}},"1":{"start":{"line":4,"column":0},"end":{"line":4,"column":null}},"2":{"start":{"line":5,"column":17},"end":{"line":7,"column":null}},"3":{"start":{"line":5,"column":69},"end":{"line":7,"column":null}},"4":{"start":{"line":6,"column":8},"end":{"line":6,"column":51}},"5":{"start":{"line":9,"column":17},"end":{"line":11,"column":null}},"6":{"start":{"line":9,"column":88},"end":{"line":11,"column":null}},"7":{"start":{"line":10,"column":8},"end":{"line":10,"column":62}},"8":{"start":{"line":13,"column":17},"end":{"line":15,"column":null}},"9":{"start":{"line":13,"column":84},"end":{"line":15,"column":null}},"10":{"start":{"line":14,"column":8},"end":{"line":14,"column":58}}},"fnMap":{"0":{"name":"(anonymous_7)","decl":{"start":{"line":4,"column":0},"end":{"line":4,"column":17}},"loc":{"start":{"line":4,"column":31},"end":{"line":16,"column":1}}},"1":{"name":"(anonymous_8)","decl":{"start":{"line":5,"column":33},"end":{"line":5,"column":67}},"loc":{"start":{"line":5,"column":69},"end":{"line":7,"column":null}}},"2":{"name":"(anonymous_9)","decl":{"start":{"line":5,"column":69},"end":{"line":5,"column":null}},"loc":{"start":{"line":5,"column":69},"end":{"line":7,"column":5}}},"3":{"name":"(anonymous_10)","decl":{"start":{"line":9,"column":34},"end":{"line":9,"column":41}},"loc":{"start":{"line":9,"column":88},"end":{"line":11,"column":null}}},"4":{"name":"(anonymous_11)","decl":{"start":{"line":9,"column":88},"end":{"line":9,"column":null}},"loc":{"start":{"line":9,"column":88},"end":{"line":11,"column":5}}},"5":{"name":"(anonymous_12)","decl":{"start":{"line":13,"column":33},"end":{"line":13,"column":40}},"loc":{"start":{"line":13,"column":84},"end":{"line":15,"column":null}}},"6":{"name":"(anonymous_13)","decl":{"start":{"line":13,"column":84},"end":{"line":13,"column":null}},"loc":{"start":{"line":13,"column":84},"end":{"line":15,"column":5}}}},"branchMap":{"0":{"loc":{"start":{"line":4,"column":17},"end":{"line":4,"column":null}},"type":"binary-expr","locations":[{"start":{"line":4,"column":17},"end":{"line":4,"column":31}},{"start":{"line":4,"column":17},"end":{"line":4,"column":null}}]}},"s":{"0":3,"1":3,"2":3,"3":2,"4":2,"5":3,"6":2,"7":2,"8":3,"9":2,"10":2},"f":{"0":3,"1":2,"2":2,"3":2,"4":2,"5":2,"6":2},"b":{"0":[3,3]}}
,"/Users/noah/work/qualidev/express/backKwizz/src/api/services/user.ts": {"path":"/Users/noah/work/qualidev/express/backKwizz/src/api/services/user.ts","statementMap":{"0":{"start":{"line":2,"column":0},"end":{"line":2,"column":51}},"1":{"start":{"line":4,"column":0},"end":{"line":4,"column":null}},"2":{"start":{"line":5,"column":17},"end":{"line":7,"column":null}},"3":{"start":{"line":5,"column":63},"end":{"line":7,"column":null}},"4":{"start":{"line":6,"column":8},"end":{"line":6,"column":45}},"5":{"start":{"line":9,"column":17},"end":{"line":11,"column":null}},"6":{"start":{"line":9,"column":79},"end":{"line":11,"column":null}},"7":{"start":{"line":10,"column":8},"end":{"line":10,"column":53}},"8":{"start":{"line":13,"column":17},"end":{"line":15,"column":null}},"9":{"start":{"line":13,"column":75},"end":{"line":15,"column":null}},"10":{"start":{"line":14,"column":8},"end":{"line":14,"column":49}}},"fnMap":{"0":{"name":"(anonymous_7)","decl":{"start":{"line":4,"column":0},"end":{"line":4,"column":17}},"loc":{"start":{"line":4,"column":28},"end":{"line":16,"column":1}}},"1":{"name":"(anonymous_8)","decl":{"start":{"line":5,"column":30},"end":{"line":5,"column":61}},"loc":{"start":{"line":5,"column":63},"end":{"line":7,"column":null}}},"2":{"name":"(anonymous_9)","decl":{"start":{"line":5,"column":63},"end":{"line":5,"column":null}},"loc":{"start":{"line":5,"column":63},"end":{"line":7,"column":5}}},"3":{"name":"(anonymous_10)","decl":{"start":{"line":9,"column":31},"end":{"line":9,"column":38}},"loc":{"start":{"line":9,"column":79},"end":{"line":11,"column":null}}},"4":{"name":"(anonymous_11)","decl":{"start":{"line":9,"column":79},"end":{"line":9,"column":null}},"loc":{"start":{"line":9,"column":79},"end":{"line":11,"column":5}}},"5":{"name":"(anonymous_12)","decl":{"start":{"line":13,"column":30},"end":{"line":13,"column":37}},"loc":{"start":{"line":13,"column":75},"end":{"line":15,"column":null}}},"6":{"name":"(anonymous_13)","decl":{"start":{"line":13,"column":75},"end":{"line":13,"column":null}},"loc":{"start":{"line":13,"column":75},"end":{"line":15,"column":5}}}},"branchMap":{"0":{"loc":{"start":{"line":4,"column":17},"end":{"line":4,"column":null}},"type":"binary-expr","locations":[{"start":{"line":4,"column":17},"end":{"line":4,"column":28}},{"start":{"line":4,"column":17},"end":{"line":4,"column":null}}]}},"s":{"0":3,"1":3,"2":3,"3":2,"4":2,"5":3,"6":2,"7":2,"8":3,"9":2,"10":2},"f":{"0":3,"1":2,"2":2,"3":2,"4":2,"5":2,"6":2},"b":{"0":[3,3]}}
,"/Users/noah/work/qualidev/express/backKwizz/src/api/utils/server.ts": {"path":"/Users/noah/work/qualidev/express/backKwizz/src/api/utils/server.ts","statementMap":{"0":{"start":{"line":1,"column":0},"end":{"line":1,"column":30}},"1":{"start":{"line":2,"column":0},"end":{"line":2,"column":21}},"2":{"start":{"line":6,"column":17},"end":{"line":6,"column":32}},"3":{"start":{"line":7,"column":16},"end":{"line":7,"column":25}},"4":{"start":{"line":9,"column":4},"end":{"line":9,"column":28}},"5":{"start":{"line":10,"column":4},"end":{"line":10,"column":20}},"6":{"start":{"line":12,"column":4},"end":{"line":12,"column":25}},"7":{"start":{"line":15,"column":4},"end":{"line":15,"column":15}},"8":{"start":{"line":18,"column":0},"end":{"line":18,"column":25}}},"fnMap":{"0":{"name":"createApp","decl":{"start":{"line":4,"column":9},"end":{"line":4,"column":18}},"loc":{"start":{"line":4,"column":18},"end":{"line":16,"column":1}}}},"branchMap":{},"s":{"0":3,"1":3,"2":6,"3":6,"4":6,"5":6,"6":6,"7":6,"8":3},"f":{"0":6},"b":{}}
}
