TN:
SF:src/index.ts
FN:15,(anonymous_8)
FN:15,(anonymous_9)
FN:18,(anonymous_10)
FN:19,(anonymous_11)
FN:23,(anonymous_12)
FN:33,(anonymous_13)
FNF:6
FNH:4
FNDA:3,(anonymous_8)
FNDA:3,(anonymous_9)
FNDA:3,(anonymous_10)
FNDA:3,(anonymous_11)
FNDA:0,(anonymous_12)
FNDA:0,(anonymous_13)
DA:2,3
DA:4,3
DA:5,3
DA:7,3
DA:11,3
DA:13,3
DA:15,3
DA:16,3
DA:17,3
DA:18,3
DA:19,3
DA:20,3
DA:21,3
DA:24,0
DA:27,3
DA:29,0
DA:30,0
DA:31,0
DA:33,0
DA:38,3
LF:20
LH:15
BRF:0
BRH:0
end_of_record
TN:
SF:src/api/index.ts
FNF:0
FNH:0
DA:1,3
DA:2,3
DA:3,3
DA:4,3
DA:9,3
DA:13,3
DA:14,3
DA:15,3
DA:19,3
LF:9
LH:9
BRF:0
BRH:0
end_of_record
TN:
SF:src/api/config/database.ts
FN:7,(anonymous_7)
FN:7,(anonymous_8)
FN:20,(anonymous_9)
FN:20,(anonymous_10)
FNF:4
FNH:4
FNDA:6,(anonymous_7)
FNDA:6,(anonymous_8)
FNDA:6,(anonymous_9)
FNDA:6,(anonymous_10)
DA:1,3
DA:2,3
DA:3,3
DA:7,6
DA:8,6
DA:16,6
DA:20,6
DA:22,6
DA:23,6
DA:24,6
DA:25,6
DA:30,6
DA:35,6
DA:40,6
DA:41,6
DA:45,0
DA:53,3
LF:17
LH:16
BRDA:40,0,0,6
BRF:1
BRH:1
end_of_record
TN:
SF:src/api/config/tests/bot.ts
FN:5,(anonymous_7)
FN:5,(anonymous_8)
FN:19,(anonymous_9)
FN:21,(anonymous_10)
FN:34,(anonymous_11)
FN:34,(anonymous_12)
FNF:6
FNH:5
FNDA:2,(anonymous_7)
FNDA:2,(anonymous_8)
FNDA:2,(anonymous_9)
FNDA:0,(anonymous_10)
FNDA:2,(anonymous_11)
FNDA:2,(anonymous_12)
DA:3,1
DA:5,2
DA:6,2
DA:7,2
DA:8,2
DA:9,2
DA:10,2
DA:11,4
DA:16,2
DA:17,2
DA:20,2
DA:22,0
DA:26,2
DA:29,0
DA:34,2
DA:35,2
DA:36,2
DA:37,2
DA:38,2
DA:39,2
DA:41,2
DA:44,0
LF:22
LH:19
BRF:0
BRH:0
end_of_record
TN:
SF:src/api/config/tests/message.ts
FN:6,(anonymous_7)
FN:6,(anonymous_8)
FN:27,(anonymous_9)
FN:27,(anonymous_10)
FNF:4
FNH:4
FNDA:2,(anonymous_7)
FNDA:2,(anonymous_8)
FNDA:2,(anonymous_9)
FNDA:2,(anonymous_10)
DA:3,1
DA:6,2
DA:8,2
DA:9,2
DA:10,2
DA:11,2
DA:12,2
DA:13,4
DA:18,2
DA:20,2
DA:23,0
DA:27,2
DA:28,2
DA:29,2
DA:30,2
DA:31,2
DA:32,2
DA:34,2
DA:37,0
LF:19
LH:17
BRF:0
BRH:0
end_of_record
TN:
SF:src/api/config/tests/test.ts
FN:9,(anonymous_7)
FN:9,(anonymous_8)
FN:16,(anonymous_9)
FN:16,(anonymous_10)
FNF:4
FNH:4
FNDA:3,(anonymous_7)
FNDA:3,(anonymous_8)
FNDA:3,(anonymous_9)
FNDA:3,(anonymous_10)
DA:2,3
DA:9,3
DA:12,3
DA:16,3
DA:19,3
LF:5
LH:5
BRF:0
BRH:0
end_of_record
TN:
SF:src/api/config/tests/user.ts
FN:5,(anonymous_7)
FN:5,(anonymous_8)
FN:26,(anonymous_9)
FN:26,(anonymous_10)
FNF:4
FNH:4
FNDA:2,(anonymous_7)
FNDA:2,(anonymous_8)
FNDA:2,(anonymous_9)
FNDA:2,(anonymous_10)
DA:3,1
DA:5,2
DA:7,2
DA:8,2
DA:9,2
DA:10,2
DA:11,2
DA:12,4
DA:17,2
DA:19,2
DA:22,0
DA:26,2
DA:27,2
DA:28,2
DA:29,2
DA:30,2
DA:31,2
DA:33,2
DA:36,0
LF:19
LH:17
BRF:0
BRH:0
end_of_record
TN:
SF:src/api/models/bot/helper.ts
FN:5,(anonymous_7)
FN:6,(anonymous_8)
FN:6,(anonymous_9)
FN:16,(anonymous_10)
FN:16,(anonymous_11)
FN:26,(anonymous_12)
FN:26,(anonymous_13)
FNF:7
FNH:7
FNDA:3,(anonymous_7)
FNDA:2,(anonymous_8)
FNDA:2,(anonymous_9)
FNDA:3,(anonymous_10)
FNDA:3,(anonymous_11)
FNDA:2,(anonymous_12)
FNDA:2,(anonymous_13)
DA:2,3
DA:3,3
DA:5,3
DA:6,3
DA:7,2
DA:8,2
DA:9,2
DA:11,0
DA:12,0
DA:16,3
DA:17,3
DA:18,3
DA:19,3
DA:21,0
DA:22,0
DA:26,3
DA:27,2
DA:28,2
DA:29,2
DA:30,1
DA:32,1
DA:33,1
LF:22
LH:18
BRDA:19,0,0,3
BRDA:19,0,1,1
BRDA:5,1,0,3
BRDA:5,1,1,3
BRF:4
BRH:4
end_of_record
TN:
SF:src/api/models/message/helper.ts
FN:5,(anonymous_7)
FN:6,(anonymous_8)
FN:6,(anonymous_9)
FN:16,(anonymous_10)
FN:16,(anonymous_11)
FN:26,(anonymous_12)
FN:26,(anonymous_13)
FNF:7
FNH:7
FNDA:3,(anonymous_7)
FNDA:2,(anonymous_8)
FNDA:2,(anonymous_9)
FNDA:4,(anonymous_10)
FNDA:4,(anonymous_11)
FNDA:2,(anonymous_12)
FNDA:2,(anonymous_13)
DA:2,3
DA:3,3
DA:5,3
DA:6,3
DA:7,2
DA:8,2
DA:9,2
DA:11,0
DA:12,0
DA:16,4
DA:17,4
DA:18,4
DA:19,4
DA:21,0
DA:22,0
DA:26,3
DA:27,2
DA:28,2
DA:29,2
DA:30,2
DA:31,2
DA:33,0
DA:34,0
LF:23
LH:17
BRDA:19,0,0,4
BRDA:19,0,1,1
BRDA:5,1,0,3
BRDA:5,1,1,3
BRF:4
BRH:4
end_of_record
TN:
SF:src/api/models/user/helper.ts
FN:6,(anonymous_7)
FN:7,(anonymous_8)
FN:7,(anonymous_9)
FN:17,(anonymous_10)
FN:17,(anonymous_11)
FN:28,(anonymous_12)
FN:28,(anonymous_13)
FNF:7
FNH:7
FNDA:3,(anonymous_7)
FNDA:2,(anonymous_8)
FNDA:2,(anonymous_9)
FNDA:3,(anonymous_10)
FNDA:3,(anonymous_11)
FNDA:2,(anonymous_12)
FNDA:2,(anonymous_13)
DA:2,3
DA:4,3
DA:6,3
DA:7,3
DA:8,2
DA:9,2
DA:10,2
DA:12,0
DA:13,0
DA:17,3
DA:18,3
DA:19,3
DA:20,3
DA:23,0
DA:24,0
DA:28,3
DA:29,2
DA:30,2
DA:31,2
DA:32,1
DA:34,1
DA:35,1
LF:22
LH:18
BRDA:20,0,0,3
BRDA:20,0,1,1
BRDA:6,1,0,3
BRDA:6,1,1,3
BRF:4
BRH:4
end_of_record
TN:
SF:src/api/routes/bot.ts
FN:6,(anonymous_7)
FN:6,(anonymous_8)
FN:17,(anonymous_9)
FN:17,(anonymous_10)
FN:33,(anonymous_11)
FN:33,(anonymous_12)
FNF:6
FNH:6
FNDA:2,(anonymous_7)
FNDA:2,(anonymous_8)
FNDA:2,(anonymous_9)
FNDA:2,(anonymous_10)
FNDA:2,(anonymous_11)
FNDA:2,(anonymous_12)
DA:3,3
DA:4,3
DA:6,3
DA:7,2
DA:8,2
DA:9,2
DA:12,0
DA:13,0
DA:17,3
DA:18,2
DA:19,2
DA:20,2
DA:21,2
DA:22,1
DA:24,1
DA:27,0
DA:28,0
DA:33,3
DA:34,2
DA:35,2
DA:36,2
DA:37,2
DA:38,1
DA:41,1
DA:44,0
DA:45,0
DA:50,3
LF:27
LH:21
BRDA:21,0,0,1
BRDA:21,0,1,1
BRDA:37,1,0,1
BRDA:37,1,1,1
BRF:4
BRH:4
end_of_record
TN:
SF:src/api/routes/message.ts
FN:6,(anonymous_7)
FN:6,(anonymous_8)
FN:17,(anonymous_9)
FN:17,(anonymous_10)
FN:32,(anonymous_11)
FN:32,(anonymous_12)
FNF:6
FNH:6
FNDA:2,(anonymous_7)
FNDA:2,(anonymous_8)
FNDA:2,(anonymous_9)
FNDA:2,(anonymous_10)
FNDA:2,(anonymous_11)
FNDA:2,(anonymous_12)
DA:3,3
DA:4,3
DA:6,3
DA:7,2
DA:8,2
DA:9,2
DA:11,0
DA:12,0
DA:17,3
DA:18,2
DA:19,2
DA:20,2
DA:21,2
DA:22,1
DA:24,1
DA:27,0
DA:28,0
DA:32,3
DA:33,2
DA:34,2
DA:35,2
DA:36,2
DA:37,2
DA:40,0
DA:43,0
DA:44,0
DA:48,3
LF:27
LH:20
BRDA:21,0,0,1
BRDA:21,0,1,1
BRDA:36,1,0,2
BRDA:36,1,1,0
BRF:4
BRH:3
end_of_record
TN:
SF:src/api/routes/user.ts
FN:6,(anonymous_7)
FN:6,(anonymous_8)
FN:16,(anonymous_9)
FN:16,(anonymous_10)
FN:31,(anonymous_11)
FN:31,(anonymous_12)
FNF:6
FNH:6
FNDA:2,(anonymous_7)
FNDA:2,(anonymous_8)
FNDA:2,(anonymous_9)
FNDA:2,(anonymous_10)
FNDA:2,(anonymous_11)
FNDA:2,(anonymous_12)
DA:3,3
DA:4,3
DA:6,3
DA:7,2
DA:8,2
DA:9,2
DA:11,0
DA:12,0
DA:16,3
DA:17,2
DA:18,2
DA:19,2
DA:20,2
DA:21,1
DA:23,1
DA:26,0
DA:27,0
DA:31,3
DA:32,2
DA:33,2
DA:34,2
DA:35,2
DA:36,1
DA:39,1
DA:42,0
DA:43,0
DA:49,3
LF:27
LH:21
BRDA:20,0,0,1
BRDA:20,0,1,1
BRDA:35,1,0,1
BRDA:35,1,1,1
BRF:4
BRH:4
end_of_record
TN:
SF:src/api/services/bot.ts
FN:4,(anonymous_7)
FN:5,(anonymous_8)
FN:5,(anonymous_9)
FN:9,(anonymous_10)
FN:9,(anonymous_11)
FN:13,(anonymous_12)
FN:13,(anonymous_13)
FNF:7
FNH:7
FNDA:3,(anonymous_7)
FNDA:2,(anonymous_8)
FNDA:2,(anonymous_9)
FNDA:2,(anonymous_10)
FNDA:2,(anonymous_11)
FNDA:2,(anonymous_12)
FNDA:2,(anonymous_13)
DA:2,3
DA:4,3
DA:5,3
DA:6,2
DA:9,3
DA:10,2
DA:13,3
DA:14,2
LF:8
LH:8
BRDA:4,0,0,3
BRDA:4,0,1,3
BRF:2
BRH:2
end_of_record
TN:
SF:src/api/services/message.ts
FN:4,(anonymous_7)
FN:5,(anonymous_8)
FN:5,(anonymous_9)
FN:9,(anonymous_10)
FN:9,(anonymous_11)
FN:13,(anonymous_12)
FN:13,(anonymous_13)
FNF:7
FNH:7
FNDA:3,(anonymous_7)
FNDA:2,(anonymous_8)
FNDA:2,(anonymous_9)
FNDA:2,(anonymous_10)
FNDA:2,(anonymous_11)
FNDA:2,(anonymous_12)
FNDA:2,(anonymous_13)
DA:2,3
DA:4,3
DA:5,3
DA:6,2
DA:9,3
DA:10,2
DA:13,3
DA:14,2
LF:8
LH:8
BRDA:4,0,0,3
BRDA:4,0,1,3
BRF:2
BRH:2
end_of_record
TN:
SF:src/api/services/user.ts
FN:4,(anonymous_7)
FN:5,(anonymous_8)
FN:5,(anonymous_9)
FN:9,(anonymous_10)
FN:9,(anonymous_11)
FN:13,(anonymous_12)
FN:13,(anonymous_13)
FNF:7
FNH:7
FNDA:3,(anonymous_7)
FNDA:2,(anonymous_8)
FNDA:2,(anonymous_9)
FNDA:2,(anonymous_10)
FNDA:2,(anonymous_11)
FNDA:2,(anonymous_12)
FNDA:2,(anonymous_13)
DA:2,3
DA:4,3
DA:5,3
DA:6,2
DA:9,3
DA:10,2
DA:13,3
DA:14,2
LF:8
LH:8
BRDA:4,0,0,3
BRDA:4,0,1,3
BRF:2
BRH:2
end_of_record
TN:
SF:src/api/utils/server.ts
FN:4,createApp
FNF:1
FNH:1
FNDA:6,createApp
DA:1,3
DA:2,3
DA:6,6
DA:7,6
DA:9,6
DA:10,6
DA:12,6
DA:15,6
DA:18,3
LF:9
LH:9
BRF:0
BRH:0
end_of_record
